<?xml version="1.0" encoding="UTF-8"?>
<!-- Generated by org.testng.reporters.JUnitReportReporter -->
<testsuite hostname="Binitas-MacBook-Pro.local" failures="0" tests="2" name="testNGbasics.UsingAnnotationsAndKeywords" time="14.761" errors="0" timestamp="2024-06-26T00:04:48 GMT-07:00" skipped="0">
  <testcase classname="testNGbasics.UsingAnnotationsAndKeywords" name="positiveSearchFunctionalityTest" time="6.976"/>
  <system-out/>
  <testcase classname="testNGbasics.UsingAnnotationsAndKeywords" name="positiveMenuLinkFunctionalityTest" time="7.785"/>
  <system-out/>
</testsuite> <!-- testNGbasics.UsingAnnotationsAndKeywords -->
